<?xml version="1.0" encoding="UTF-8"?>
<testng-results skipped="0" failed="2" ignored="0" total="8" passed="6">
  <reporter-output>
  </reporter-output>
  <suite name="Suite" duration-ms="282617" started-at="2019-08-26T03:05:18Z" finished-at="2019-08-26T03:10:01Z">
    <groups>
    </groups>
    <test name="Test" duration-ms="282617" started-at="2019-08-26T03:05:18Z" finished-at="2019-08-26T03:10:01Z">
      <class name="com.fca.prod.jeep.testCases.homePageTest">
        <test-method status="PASS" signature="setup()[pri:0, instance:com.fca.prod.jeep.testCases.homePageTest@6a41eaa2]" name="setup" is-config="true" duration-ms="20297" started-at="2019-08-26T03:06:53Z" finished-at="2019-08-26T03:07:13Z">
          <reporter-output>
          </reporter-output>
        </test-method> <!-- setup -->
        <test-method status="PASS" signature="verifyHomePageTitle()[pri:1, instance:com.fca.prod.jeep.testCases.homePageTest@6a41eaa2]" name="verifyHomePageTitle" duration-ms="22" started-at="2019-08-26T03:07:13Z" finished-at="2019-08-26T03:07:13Z">
          <reporter-output>
          </reporter-output>
        </test-method> <!-- verifyHomePageTitle -->
        <test-method status="PASS" signature="tearDown()[pri:0, instance:com.fca.prod.jeep.testCases.homePageTest@6a41eaa2]" name="tearDown" is-config="true" duration-ms="821" started-at="2019-08-26T03:07:13Z" finished-at="2019-08-26T03:07:14Z">
          <reporter-output>
          </reporter-output>
        </test-method> <!-- tearDown -->
        <test-method status="PASS" signature="setup()[pri:0, instance:com.fca.prod.jeep.testCases.homePageTest@6a41eaa2]" name="setup" is-config="true" duration-ms="32755" started-at="2019-08-26T03:07:43Z" finished-at="2019-08-26T03:08:16Z">
          <reporter-output>
          </reporter-output>
        </test-method> <!-- setup -->
        <test-method status="FAIL" signature="verifyJeepLogo()[pri:2, instance:com.fca.prod.jeep.testCases.homePageTest@6a41eaa2]" name="verifyJeepLogo" duration-ms="10" started-at="2019-08-26T03:08:16Z" finished-at="2019-08-26T03:08:16Z">
          <exception class="org.openqa.selenium.NoSuchSessionException">
            <message>
              <![CDATA[Session ID is null. Using WebDriver after calling quit()?
Build info: version: '3.141.59', revision: 'e82be7d358', time: '2018-11-14T08:17:03'
System info: host: 'WKWIN5037064', ip: '192.168.225.194', os.name: 'Windows 10', os.arch: 'amd64', os.version: '10.0', java.version: '1.8.0_201'
Driver info: driver.version: RemoteWebDriver]]>
            </message>
            <full-stacktrace>
              <![CDATA[org.openqa.selenium.NoSuchSessionException: Session ID is null. Using WebDriver after calling quit()?
Build info: version: '3.141.59', revision: 'e82be7d358', time: '2018-11-14T08:17:03'
System info: host: 'WKWIN5037064', ip: '192.168.225.194', os.name: 'Windows 10', os.arch: 'amd64', os.version: '10.0', java.version: '1.8.0_201'
Driver info: driver.version: RemoteWebDriver
at org.openqa.selenium.remote.HttpCommandExecutor.execute(HttpCommandExecutor.java:125)
at org.openqa.selenium.remote.service.DriverCommandExecutor.execute(DriverCommandExecutor.java:83)
at org.openqa.selenium.remote.RemoteWebDriver.execute(RemoteWebDriver.java:552)
at org.openqa.selenium.remote.RemoteWebDriver.findElement(RemoteWebDriver.java:323)
at org.openqa.selenium.remote.RemoteWebDriver.findElementByXPath(RemoteWebDriver.java:428)
at org.openqa.selenium.By$ByXPath.findElement(By.java:353)
at org.openqa.selenium.remote.RemoteWebDriver.findElement(RemoteWebDriver.java:315)
at org.openqa.selenium.support.pagefactory.DefaultElementLocator.findElement(DefaultElementLocator.java:69)
at org.openqa.selenium.support.pagefactory.internal.LocatingElementHandler.invoke(LocatingElementHandler.java:38)
at com.sun.proxy.$Proxy11.isDisplayed(Unknown Source)
at com.fca.prod.jeep.pages.homePage.JeepLogo(homePage.java:80)
at com.fca.prod.jeep.testCases.homePageTest.verifyJeepLogo(homePageTest.java:34)
at sun.reflect.NativeMethodAccessorImpl.invoke0(Native Method)
at sun.reflect.NativeMethodAccessorImpl.invoke(NativeMethodAccessorImpl.java:62)
at sun.reflect.DelegatingMethodAccessorImpl.invoke(DelegatingMethodAccessorImpl.java:43)
at java.lang.reflect.Method.invoke(Method.java:498)
at org.testng.internal.MethodInvocationHelper.invokeMethod(MethodInvocationHelper.java:124)
at org.testng.internal.Invoker.invokeMethod(Invoker.java:583)
at org.testng.internal.Invoker.invokeTestMethod(Invoker.java:719)
at org.testng.internal.Invoker.invokeTestMethods(Invoker.java:989)
at org.testng.internal.TestMethodWorker.invokeTestMethods(TestMethodWorker.java:125)
at org.testng.internal.TestMethodWorker.run(TestMethodWorker.java:109)
at org.testng.TestRunner.privateRun(TestRunner.java:648)
at org.testng.TestRunner.run(TestRunner.java:505)
at org.testng.SuiteRunner.runTest(SuiteRunner.java:455)
at org.testng.SuiteRunner.runSequentially(SuiteRunner.java:450)
at org.testng.SuiteRunner.privateRun(SuiteRunner.java:415)
at org.testng.SuiteRunner.run(SuiteRunner.java:364)
at org.testng.SuiteRunnerWorker.runSuite(SuiteRunnerWorker.java:52)
at org.testng.SuiteRunnerWorker.run(SuiteRunnerWorker.java:84)
at org.testng.TestNG.runSuitesSequentially(TestNG.java:1208)
at org.testng.TestNG.runSuitesLocally(TestNG.java:1137)
at org.testng.TestNG.runSuites(TestNG.java:1049)
at org.testng.TestNG.run(TestNG.java:1017)
at org.testng.remote.AbstractRemoteTestNG.run(AbstractRemoteTestNG.java:115)
at org.testng.remote.RemoteTestNG.initAndRun(RemoteTestNG.java:251)
at org.testng.remote.RemoteTestNG.main(RemoteTestNG.java:77)
]]>
            </full-stacktrace>
          </exception> <!-- org.openqa.selenium.NoSuchSessionException -->
          <reporter-output>
          </reporter-output>
        </test-method> <!-- verifyJeepLogo -->
        <test-method status="PASS" signature="tearDown()[pri:0, instance:com.fca.prod.jeep.testCases.homePageTest@6a41eaa2]" name="tearDown" is-config="true" duration-ms="759" started-at="2019-08-26T03:08:16Z" finished-at="2019-08-26T03:08:16Z">
          <reporter-output>
          </reporter-output>
        </test-method> <!-- tearDown -->
        <test-method status="PASS" signature="setup()[pri:0, instance:com.fca.prod.jeep.testCases.homePageTest@6a41eaa2]" name="setup" is-config="true" duration-ms="14136" started-at="2019-08-26T03:09:44Z" finished-at="2019-08-26T03:09:58Z">
          <reporter-output>
          </reporter-output>
        </test-method> <!-- setup -->
        <test-method status="PASS" signature="signInLink()[pri:3, instance:com.fca.prod.jeep.testCases.homePageTest@6a41eaa2]" name="signInLink" duration-ms="2032" started-at="2019-08-26T03:09:58Z" finished-at="2019-08-26T03:10:00Z">
          <reporter-output>
          </reporter-output>
        </test-method> <!-- signInLink -->
        <test-method status="PASS" signature="tearDown()[pri:0, instance:com.fca.prod.jeep.testCases.homePageTest@6a41eaa2]" name="tearDown" is-config="true" duration-ms="758" started-at="2019-08-26T03:10:00Z" finished-at="2019-08-26T03:10:01Z">
          <reporter-output>
          </reporter-output>
        </test-method> <!-- tearDown -->
      </class> <!-- com.fca.prod.jeep.testCases.homePageTest -->
      <class name="com.fca.prod.jeep.testCases.brochurePageTest">
        <test-method status="PASS" signature="setUp()[pri:0, instance:com.fca.prod.jeep.testCases.brochurePageTest@7cd62f43]" name="setUp" is-config="true" duration-ms="27991" started-at="2019-08-26T03:07:14Z" finished-at="2019-08-26T03:07:42Z">
          <reporter-output>
          </reporter-output>
        </test-method> <!-- setUp -->
        <test-method status="PASS" signature="verifyBrochureTitle()[pri:1, instance:com.fca.prod.jeep.testCases.brochurePageTest@7cd62f43]" name="verifyBrochureTitle" duration-ms="283" started-at="2019-08-26T03:07:42Z" finished-at="2019-08-26T03:07:42Z">
          <reporter-output>
          </reporter-output>
        </test-method> <!-- verifyBrochureTitle -->
        <test-method status="PASS" signature="teardown()[pri:0, instance:com.fca.prod.jeep.testCases.brochurePageTest@7cd62f43]" name="teardown" is-config="true" duration-ms="771" started-at="2019-08-26T03:07:42Z" finished-at="2019-08-26T03:07:43Z">
          <reporter-output>
          </reporter-output>
        </test-method> <!-- teardown -->
        <test-method status="PASS" signature="setUp()[pri:0, instance:com.fca.prod.jeep.testCases.brochurePageTest@7cd62f43]" name="setUp" is-config="true" duration-ms="30249" started-at="2019-08-26T03:08:17Z" finished-at="2019-08-26T03:08:48Z">
          <reporter-output>
          </reporter-output>
        </test-method> <!-- setUp -->
        <test-method status="FAIL" signature="verifyBrochureDetails(java.lang.String, java.lang.String, java.lang.String, java.lang.String, java.lang.String)[pri:2, instance:com.fca.prod.jeep.testCases.brochurePageTest@7cd62f43]" name="verifyBrochureDetails" duration-ms="30082" started-at="2019-08-26T03:08:48Z" data-provider="getJeepTestData" finished-at="2019-08-26T03:09:18Z">
          <params>
            <param index="0">
              <value>
                <![CDATA[Peter]]>
              </value>
            </param>
            <param index="1">
              <value>
                <![CDATA[Parker]]>
              </value>
            </param>
            <param index="2">
              <value>
                <![CDATA[peter@parker.com]]>
              </value>
            </param>
            <param index="3">
              <value>
                <![CDATA[8756934567]]>
              </value>
            </param>
            <param index="4">
              <value>
                <![CDATA[100038.0]]>
              </value>
            </param>
          </params>
          <exception class="org.openqa.selenium.NoSuchElementException">
            <message>
              <![CDATA[no such element: Unable to locate element: {"method":"css selector","selector":"#brochureCardCheckbox\-0\-2\|_ALL\-NEW\-WRANGLER"}
  (Session info: chrome=76.0.3809.100)
For documentation on this error, please visit: https://www.seleniumhq.org/exceptions/no_such_element.html
Build info: version: '3.141.59', revision: 'e82be7d358', time: '2018-11-14T08:17:03'
System info: host: 'WKWIN5037064', ip: '192.168.225.194', os.name: 'Windows 10', os.arch: 'amd64', os.version: '10.0', java.version: '1.8.0_201'
Driver info: org.openqa.selenium.chrome.ChromeDriver
Capabilities {acceptInsecureCerts: false, browserName: chrome, browserVersion: 76.0.3809.100, chrome: {chromedriverVersion: 76.0.3809.68 (420c9498db8ce..., userDataDir: C:\Users\PRAPAT~1\AppData\L...}, goog:chromeOptions: {debuggerAddress: localhost:58132}, javascriptEnabled: true, networkConnectionEnabled: false, pageLoadStrategy: normal, platform: XP, platformName: XP, proxy: Proxy(), setWindowRect: true, strictFileInteractability: false, timeouts: {implicit: 0, pageLoad: 300000, script: 30000}, unhandledPromptBehavior: dismiss and notify}
Session ID: fadb5654d7788f4f752b5f27e3563224
*** Element info: {Using=id, value=brochureCardCheckbox-0-2|_ALL-NEW-WRANGLER}]]>
            </message>
            <full-stacktrace>
              <![CDATA[org.openqa.selenium.NoSuchElementException: no such element: Unable to locate element: {"method":"css selector","selector":"#brochureCardCheckbox\-0\-2\|_ALL\-NEW\-WRANGLER"}
  (Session info: chrome=76.0.3809.100)
For documentation on this error, please visit: https://www.seleniumhq.org/exceptions/no_such_element.html
Build info: version: '3.141.59', revision: 'e82be7d358', time: '2018-11-14T08:17:03'
System info: host: 'WKWIN5037064', ip: '192.168.225.194', os.name: 'Windows 10', os.arch: 'amd64', os.version: '10.0', java.version: '1.8.0_201'
Driver info: org.openqa.selenium.chrome.ChromeDriver
Capabilities {acceptInsecureCerts: false, browserName: chrome, browserVersion: 76.0.3809.100, chrome: {chromedriverVersion: 76.0.3809.68 (420c9498db8ce..., userDataDir: C:\Users\PRAPAT~1\AppData\L...}, goog:chromeOptions: {debuggerAddress: localhost:58132}, javascriptEnabled: true, networkConnectionEnabled: false, pageLoadStrategy: normal, platform: XP, platformName: XP, proxy: Proxy(), setWindowRect: true, strictFileInteractability: false, timeouts: {implicit: 0, pageLoad: 300000, script: 30000}, unhandledPromptBehavior: dismiss and notify}
Session ID: fadb5654d7788f4f752b5f27e3563224
*** Element info: {Using=id, value=brochureCardCheckbox-0-2|_ALL-NEW-WRANGLER}
at sun.reflect.NativeConstructorAccessorImpl.newInstance0(Native Method)
at sun.reflect.NativeConstructorAccessorImpl.newInstance(NativeConstructorAccessorImpl.java:62)
at sun.reflect.DelegatingConstructorAccessorImpl.newInstance(DelegatingConstructorAccessorImpl.java:45)
at java.lang.reflect.Constructor.newInstance(Constructor.java:423)
at org.openqa.selenium.remote.http.W3CHttpResponseCodec.createException(W3CHttpResponseCodec.java:187)
at org.openqa.selenium.remote.http.W3CHttpResponseCodec.decode(W3CHttpResponseCodec.java:122)
at org.openqa.selenium.remote.http.W3CHttpResponseCodec.decode(W3CHttpResponseCodec.java:49)
at org.openqa.selenium.remote.HttpCommandExecutor.execute(HttpCommandExecutor.java:158)
at org.openqa.selenium.remote.service.DriverCommandExecutor.execute(DriverCommandExecutor.java:83)
at org.openqa.selenium.remote.RemoteWebDriver.execute(RemoteWebDriver.java:552)
at org.openqa.selenium.remote.RemoteWebDriver.findElement(RemoteWebDriver.java:323)
at org.openqa.selenium.remote.RemoteWebDriver.findElementById(RemoteWebDriver.java:372)
at org.openqa.selenium.By$ById.findElement(By.java:188)
at org.openqa.selenium.remote.RemoteWebDriver.findElement(RemoteWebDriver.java:315)
at org.openqa.selenium.support.pagefactory.DefaultElementLocator.findElement(DefaultElementLocator.java:69)
at org.openqa.selenium.support.pagefactory.internal.LocatingElementHandler.invoke(LocatingElementHandler.java:38)
at com.sun.proxy.$Proxy11.click(Unknown Source)
at com.fca.prod.jeep.pages.brochurePage.createBrochureData(brochurePage.java:72)
at com.fca.prod.jeep.testCases.brochurePageTest.verifyBrochureDetails(brochurePageTest.java:48)
at sun.reflect.NativeMethodAccessorImpl.invoke0(Native Method)
at sun.reflect.NativeMethodAccessorImpl.invoke(NativeMethodAccessorImpl.java:62)
at sun.reflect.DelegatingMethodAccessorImpl.invoke(DelegatingMethodAccessorImpl.java:43)
at java.lang.reflect.Method.invoke(Method.java:498)
at org.testng.internal.MethodInvocationHelper.invokeMethod(MethodInvocationHelper.java:124)
at org.testng.internal.Invoker.invokeMethod(Invoker.java:583)
at org.testng.internal.Invoker.invokeTestMethod(Invoker.java:719)
at org.testng.internal.Invoker.invokeTestMethods(Invoker.java:989)
at org.testng.internal.TestMethodWorker.invokeTestMethods(TestMethodWorker.java:125)
at org.testng.internal.TestMethodWorker.run(TestMethodWorker.java:109)
at org.testng.TestRunner.privateRun(TestRunner.java:648)
at org.testng.TestRunner.run(TestRunner.java:505)
at org.testng.SuiteRunner.runTest(SuiteRunner.java:455)
at org.testng.SuiteRunner.runSequentially(SuiteRunner.java:450)
at org.testng.SuiteRunner.privateRun(SuiteRunner.java:415)
at org.testng.SuiteRunner.run(SuiteRunner.java:364)
at org.testng.SuiteRunnerWorker.runSuite(SuiteRunnerWorker.java:52)
at org.testng.SuiteRunnerWorker.run(SuiteRunnerWorker.java:84)
at org.testng.TestNG.runSuitesSequentially(TestNG.java:1208)
at org.testng.TestNG.runSuitesLocally(TestNG.java:1137)
at org.testng.TestNG.runSuites(TestNG.java:1049)
at org.testng.TestNG.run(TestNG.java:1017)
at org.testng.remote.AbstractRemoteTestNG.run(AbstractRemoteTestNG.java:115)
at org.testng.remote.RemoteTestNG.initAndRun(RemoteTestNG.java:251)
at org.testng.remote.RemoteTestNG.main(RemoteTestNG.java:77)
]]>
            </full-stacktrace>
          </exception> <!-- org.openqa.selenium.NoSuchElementException -->
          <reporter-output>
          </reporter-output>
        </test-method> <!-- verifyBrochureDetails -->
        <test-method status="PASS" signature="teardown()[pri:0, instance:com.fca.prod.jeep.testCases.brochurePageTest@7cd62f43]" name="teardown" is-config="true" duration-ms="728" started-at="2019-08-26T03:09:18Z" finished-at="2019-08-26T03:09:18Z">
          <reporter-output>
          </reporter-output>
        </test-method> <!-- teardown -->
        <test-method status="PASS" signature="setUp()[pri:0, instance:com.fca.prod.jeep.testCases.brochurePageTest@7cd62f43]" name="setUp" is-config="true" duration-ms="22797" started-at="2019-08-26T03:09:18Z" finished-at="2019-08-26T03:09:41Z">
          <reporter-output>
          </reporter-output>
        </test-method> <!-- setUp -->
        <test-method status="PASS" signature="verifyBrochureDetails(java.lang.String, java.lang.String, java.lang.String, java.lang.String, java.lang.String)[pri:2, instance:com.fca.prod.jeep.testCases.brochurePageTest@7cd62f43]" name="verifyBrochureDetails" duration-ms="1877" started-at="2019-08-26T03:09:41Z" data-provider="getJeepTestData" finished-at="2019-08-26T03:09:43Z">
          <params>
            <param index="0">
              <value>
                <![CDATA[Tom]]>
              </value>
            </param>
            <param index="1">
              <value>
                <![CDATA[Parker]]>
              </value>
            </param>
            <param index="2">
              <value>
                <![CDATA[Tom@parker.com]]>
              </value>
            </param>
            <param index="3">
              <value>
                <![CDATA[8756934567]]>
              </value>
            </param>
            <param index="4">
              <value>
                <![CDATA[100038.0]]>
              </value>
            </param>
          </params>
          <reporter-output>
          </reporter-output>
        </test-method> <!-- verifyBrochureDetails -->
        <test-method status="PASS" signature="teardown()[pri:0, instance:com.fca.prod.jeep.testCases.brochurePageTest@7cd62f43]" name="teardown" is-config="true" duration-ms="781" started-at="2019-08-26T03:09:43Z" finished-at="2019-08-26T03:09:44Z">
          <reporter-output>
          </reporter-output>
        </test-method> <!-- teardown -->
      </class> <!-- com.fca.prod.jeep.testCases.brochurePageTest -->
      <class name="com.fca.prod.jeep.testCases.loginPageTest">
        <test-method status="PASS" signature="setup()[pri:0, instance:com.fca.prod.jeep.testCases.loginPageTest@685cb137]" name="setup" is-config="true" duration-ms="24262" started-at="2019-08-26T03:05:18Z" finished-at="2019-08-26T03:05:43Z">
          <reporter-output>
          </reporter-output>
        </test-method> <!-- setup -->
        <test-method status="PASS" signature="registerNewUser()[pri:0, instance:com.fca.prod.jeep.testCases.loginPageTest@685cb137]" name="registerNewUser" duration-ms="31265" started-at="2019-08-26T03:05:43Z" finished-at="2019-08-26T03:06:14Z">
          <reporter-output>
          </reporter-output>
        </test-method> <!-- registerNewUser -->
        <test-method status="PASS" signature="tearDown()[pri:0, instance:com.fca.prod.jeep.testCases.loginPageTest@685cb137]" name="tearDown" is-config="true" duration-ms="751" started-at="2019-08-26T03:06:14Z" finished-at="2019-08-26T03:06:15Z">
          <reporter-output>
          </reporter-output>
        </test-method> <!-- tearDown -->
        <test-method status="PASS" signature="setup()[pri:0, instance:com.fca.prod.jeep.testCases.loginPageTest@685cb137]" name="setup" is-config="true" duration-ms="37422" started-at="2019-08-26T03:06:15Z" finished-at="2019-08-26T03:06:52Z">
          <reporter-output>
          </reporter-output>
        </test-method> <!-- setup -->
        <test-method status="PASS" signature="verifyTitle()[pri:0, instance:com.fca.prod.jeep.testCases.loginPageTest@685cb137]" name="verifyTitle" duration-ms="14" started-at="2019-08-26T03:06:52Z" finished-at="2019-08-26T03:06:52Z">
          <reporter-output>
          </reporter-output>
        </test-method> <!-- verifyTitle -->
        <test-method status="PASS" signature="tearDown()[pri:0, instance:com.fca.prod.jeep.testCases.loginPageTest@685cb137]" name="tearDown" is-config="true" duration-ms="754" started-at="2019-08-26T03:06:52Z" finished-at="2019-08-26T03:06:53Z">
          <reporter-output>
          </reporter-output>
        </test-method> <!-- tearDown -->
      </class> <!-- com.fca.prod.jeep.testCases.loginPageTest -->
    </test> <!-- Test -->
  </suite> <!-- Suite -->
</testng-results>
